<?xml version="1.0" encoding="UTF-8"?>
<!-- Generated by org.testng.reporters.JUnitReportReporter -->
<testsuite hostname="Mel_Gibson-PC" name="CalculatorTests.CalculatorSubtractTestNG" tests="2" failures="0" timestamp="27 Aug 2016 06:01:39 GMT" time="0.049" errors="0">
  <testcase name="testSubtractingNumbers" time="0.007" classname="CalculatorTests.CalculatorSubtractTestNG"/>
  <testcase name="testSubtractingNumbers" time="0.042" classname="CalculatorTests.CalculatorSubtractTestNG"/>
</testsuite> <!-- CalculatorTests.CalculatorSubtractTestNG -->
