<?xml version="1.0" encoding="UTF-8"?>
<!-- Generated by org.testng.reporters.JUnitReportReporter -->
<testsuite hostname="Mel_Gibson-PC" name="CalculatorTests.CalculatorAdditionTestNG" tests="2" failures="0" timestamp="27 Aug 2016 05:23:04 GMT" time="0.061" errors="0">
  <testcase name="testAddingNumbers" time="0.009" classname="CalculatorTests.CalculatorAdditionTestNG"/>
  <testcase name="testAddingNumbers" time="0.052" classname="CalculatorTests.CalculatorAdditionTestNG"/>
</testsuite> <!-- CalculatorTests.CalculatorAdditionTestNG -->
