<?xml version="1.0" encoding="UTF-8"?>
<!-- Generated by org.testng.reporters.JUnitReportReporter -->
<testsuite hostname="Mel_Gibson-PC" name="CalculatorTests.CalculatorTestMultiplyTestNG" tests="2" failures="0" timestamp="27 Aug 2016 06:36:05 GMT" time="0.083" errors="0">
  <testcase name="testMultNumbers" time="0.029" classname="CalculatorTests.CalculatorTestMultiplyTestNG"/>
  <testcase name="testMultNumbers" time="0.054" classname="CalculatorTests.CalculatorTestMultiplyTestNG"/>
</testsuite> <!-- CalculatorTests.CalculatorTestMultiplyTestNG -->
