<?xml version="1.0" encoding="UTF-8"?>
<!-- Generated by org.testng.reporters.JUnitReportReporter -->
<testsuite hostname="Mel_Gibson-PC" name="CalculatorTests.CalculatorTestDivideTestNG" tests="2" failures="0" timestamp="27 Aug 2016 06:28:32 GMT" time="0.104" errors="0">
  <testcase name="testDivideNumbers" time="0.017" classname="CalculatorTests.CalculatorTestDivideTestNG"/>
  <testcase name="testDivideNumbers" time="0.087" classname="CalculatorTests.CalculatorTestDivideTestNG"/>
</testsuite> <!-- CalculatorTests.CalculatorTestDivideTestNG -->
