<?xml version="1.0" encoding="UTF-8"?>
<!-- Generated by org.testng.reporters.JUnitReportReporter -->
<testsuite hostname="Mel_Gibson-PC" name="CalculatorTests.CalculatorPowersTestNG" tests="2" failures="0" timestamp="27 Aug 2016 04:21:47 GMT" time="0.044" errors="0">
  <testcase name="testPowerNumbers" time="0.003" classname="CalculatorTests.CalculatorPowersTestNG"/>
  <testcase name="testPowerNumbers" time="0.041" classname="CalculatorTests.CalculatorPowersTestNG"/>
</testsuite> <!-- CalculatorTests.CalculatorPowersTestNG -->
