<?xml version="1.0" encoding="UTF-8"?>
<!-- Generated by org.testng.reporters.JUnitReportReporter -->
<testsuite hostname="Mel_Gibson-PC" name="CalculatorTests.CalculatorMultplyTestNG" tests="2" failures="0" timestamp="27 Aug 2016 05:32:31 GMT" time="0.044" errors="0">
  <testcase name="testAddingNumbers" time="0.007" classname="CalculatorTests.CalculatorMultplyTestNG"/>
  <testcase name="testAddingNumbers" time="0.037" classname="CalculatorTests.CalculatorMultplyTestNG"/>
</testsuite> <!-- CalculatorTests.CalculatorMultplyTestNG -->
