<?xml version="1.0" encoding="UTF-8"?>
<!-- Generated by org.testng.reporters.JUnitReportReporter -->
<testsuite hostname="Mel_Gibson-PC" name="CalculatorTests.CalculatorTestAddTestNG" tests="2" failures="0" timestamp="27 Aug 2016 06:22:46 GMT" time="0.028" errors="0">
  <testcase name="testAddNumbers" time="0.004" classname="CalculatorTests.CalculatorTestAddTestNG"/>
  <testcase name="testAddNumbers" time="0.024" classname="CalculatorTests.CalculatorTestAddTestNG"/>
</testsuite> <!-- CalculatorTests.CalculatorTestAddTestNG -->
